Arguments: 
  /usr/local/bin/node /usr/local/bin/yarn add axios

PATH: 
  /Users/macbook/.bun/bin:/opt/homebrew/bin:/opt/homebrew/sbin:/usr/local/bin:/usr/bin:/bin:/usr/sbin:/sbin:/Applications/XAMPP/xamppfiles/bin:/Library/Apple/usr/bin:/Users/macbook/.bun/bin:/opt/homebrew/bin:/opt/homebrew/sbin:/Users/macbook/Library/Android/sdk/emulator:/Users/macbook/Library/Android/sdk/platform-tools:/Users/macbook/Documents/flutter:/Users/macbook/Documents/flutter/bin:/Users/macbook/Library/Android/sdk/emulator:/Users/macbook/Library/Android/sdk/platform-tools:/Users/macbook/Documents/flutter:/Users/macbook/Documents/flutter/bin

Yarn version: 
  1.22.19

Node version: 
  16.18.0

Platform: 
  darwin arm64

Trace: 
  Error: https://registry.yarnpkg.com/@tsconfig%2fnode16: ETIMEDOUT
      at Timeout._onTimeout (/usr/local/lib/node_modules/yarn/lib/cli.js:141550:19)
      at listOnTimeout (node:internal/timers:559:17)
      at processTimers (node:internal/timers:502:7)

npm manifest: 
  {
    "name": "untitled-folder",
    "version": "1.0.0",
    "description": "",
    "main": "index.js",
    "scripts": {
      "start": "nodemon",
      "test": "echo \"Error: no test specified\" && exit 1"
    },
    "keywords": [],
    "author": "",
    "license": "ISC",
    "dependencies": {
      "@tsconfig/node16": "^1.0.3",
      "nodemon": "^2.0.20",
      "ts-node-dev": "^2.0.0",
      "typescript": "^4.8.4"
    }
  }

yarn manifest: 
  No manifest

Lockfile: 
  No lockfile
